<?xml version="1.0" encoding="UTF-8"?>
<!-- Generated by org.testng.reporters.JUnitXMLReporter -->
<testsuite ignored="0" hostname="DESKTOP-6JOPDOJ" failures="1" tests="3" name="testng" time="115.332" errors="0" timestamp="2024-02-27T13:06:22 IST">
  <testcase classname="com.Amazon_valids.Amazon_valid_images" name="firststep" time="29.79"/>
  <testcase classname="com.Amazon_valids.Amazon_valid_images" name="secondstep" time="70.682"/>
  <testcase classname="com.TestNG.Amazon_fresh_valids" name="fresh" time="14.385">
    <failure type="org.openqa.selenium.ElementClickInterceptedException" message="element click intercepted: Element &amp;lt;a href=&amp;quot;/alm/category/?almBrandId=ctnow&amp;amp;amp;node=4859496031&amp;amp;amp;ref=fs_dsk_sn_fruitsVegetables&amp;quot; class=&amp;quot;nav-a&amp;quot; aria-label=&amp;quot;Fruits &amp;amp;amp; Vegetables&amp;quot; tabindex=&amp;quot;0&amp;quot;&amp;gt;...&amp;lt;/a&amp;gt; is not clickable at point (314, 130). Other element would receive the click: &amp;lt;div class=&amp;quot;a-modal-scroller a-declarative&amp;quot; data-action=&amp;quot;a-popover-floating-close&amp;quot; style=&amp;quot;padding-bottom: 0px; visibility: visible;&amp;quot;&amp;gt;...&amp;lt;/div&amp;gt;
  (Session info: chrome=121.0.6167.189)
Build info: version: &amp;apos;3.141.59&amp;apos;, revision: &amp;apos;e82be7d358&amp;apos;, time: &amp;apos;2018-11-14T08:25:53&amp;apos;
System info: host: &amp;apos;DESKTOP-6JOPDOJ&amp;apos;, ip: &amp;apos;192.168.0.183&amp;apos;, os.name: &amp;apos;Windows 10&amp;apos;, os.arch: &amp;apos;amd64&amp;apos;, os.version: &amp;apos;10.0&amp;apos;, java.version: &amp;apos;17.0.5&amp;apos;
Driver info: org.openqa.selenium.chrome.ChromeDriver
Capabilities {acceptInsecureCerts: false, browserName: chrome, browserVersion: 121.0.6167.189, chrome: {chromedriverVersion: 120.0.6099.71 (9729082fe617..., userDataDir: C:\Users\Hp\AppData\Local\T...}, fedcm:accounts: true, goog:chromeOptions: {debuggerAddress: localhost:63694}, javascriptEnabled: true, networkConnectionEnabled: false, pageLoadStrategy: normal, platform: WINDOWS, platformName: WINDOWS, proxy: Proxy(), setWindowRect: true, strictFileInteractability: false, timeouts: {implicit: 0, pageLoad: 300000, script: 30000}, unhandledPromptBehavior: dismiss and notify, webauthn:extension:credBlob: true, webauthn:extension:largeBlob: true, webauthn:extension:minPinLength: true, webauthn:extension:prf: true, webauthn:virtualAuthenticators: true}
Session ID: b95af0f0997a4ebd1dd1449ca656cca3">
      <![CDATA[org.openqa.selenium.ElementClickInterceptedException: element click intercepted: Element <a href="/alm/category/?almBrandId=ctnow&amp;node=4859496031&amp;ref=fs_dsk_sn_fruitsVegetables" class="nav-a" aria-label="Fruits &amp; Vegetables" tabindex="0">...</a> is not clickable at point (314, 130). Other element would receive the click: <div class="a-modal-scroller a-declarative" data-action="a-popover-floating-close" style="padding-bottom: 0px; visibility: visible;">...</div>
  (Session info: chrome=121.0.6167.189)
Build info: version: '3.141.59', revision: 'e82be7d358', time: '2018-11-14T08:25:53'
System info: host: 'DESKTOP-6JOPDOJ', ip: '192.168.0.183', os.name: 'Windows 10', os.arch: 'amd64', os.version: '10.0', java.version: '17.0.5'
Driver info: org.openqa.selenium.chrome.ChromeDriver
Capabilities {acceptInsecureCerts: false, browserName: chrome, browserVersion: 121.0.6167.189, chrome: {chromedriverVersion: 120.0.6099.71 (9729082fe617..., userDataDir: C:\Users\Hp\AppData\Local\T...}, fedcm:accounts: true, goog:chromeOptions: {debuggerAddress: localhost:63694}, javascriptEnabled: true, networkConnectionEnabled: false, pageLoadStrategy: normal, platform: WINDOWS, platformName: WINDOWS, proxy: Proxy(), setWindowRect: true, strictFileInteractability: false, timeouts: {implicit: 0, pageLoad: 300000, script: 30000}, unhandledPromptBehavior: dismiss and notify, webauthn:extension:credBlob: true, webauthn:extension:largeBlob: true, webauthn:extension:minPinLength: true, webauthn:extension:prf: true, webauthn:virtualAuthenticators: true}
Session ID: b95af0f0997a4ebd1dd1449ca656cca3
at org.openqa.selenium.remote.http.W3CHttpResponseCodec.createException(W3CHttpResponseCodec.java:187)
at org.openqa.selenium.remote.http.W3CHttpResponseCodec.decode(W3CHttpResponseCodec.java:122)
at org.openqa.selenium.remote.http.W3CHttpResponseCodec.decode(W3CHttpResponseCodec.java:49)
at org.openqa.selenium.remote.HttpCommandExecutor.execute(HttpCommandExecutor.java:158)
at org.openqa.selenium.remote.service.DriverCommandExecutor.execute(DriverCommandExecutor.java:83)
at org.openqa.selenium.remote.RemoteWebDriver.execute(RemoteWebDriver.java:552)
at org.openqa.selenium.remote.RemoteWebElement.execute(RemoteWebElement.java:285)
at org.openqa.selenium.remote.RemoteWebElement.click(RemoteWebElement.java:84)
at com.TestNG.Amazon_fresh_valids.fresh(Amazon_fresh_valids.java:52)
at java.base/java.util.ArrayList.forEach(ArrayList.java:1511)
... Removed 32 stack frames]]>
    </failure>
  </testcase> <!-- fresh -->
</testsuite> <!-- testng -->
